
2017-08-22 10:21:02|orderid[170822100764600040]|str[Buy100011268561708221007646000400.01CNY汉购网170822100764600040http://www3.hangowa.com/api/payment/bestpay/return_url.php0real_order1]|hmac[0d5828870c167a8f08e5c2f4a7aaa3b8]
2017-08-22 10:21:02|orderid[170822100764600040]|str[]|hmac[0d5828870c167a8f08e5c2f4a7aaa3b8]
2017-08-22 10:23:10|orderid[170822100764600040]|str[Buy100011268561708221007646000400.01CNY汉购网170822100764600040http://www3.hangowa.com/api/payment/bestpay/return_url.php0real_order1]|hmac[0d5828870c167a8f08e5c2f4a7aaa3b8]
2017-08-22 10:23:10|orderid[170822100764600040]|str[]|hmac[0d5828870c167a8f08e5c2f4a7aaa3b8]
2017-08-22 13:44:49|orderid[]|str[]|hmac[1b93e892183ba08f710db080223748ef]
2017-08-22 13:44:58|orderid[]|str[]|hmac[1b93e892183ba08f710db080223748ef]
2017-08-22 13:45:59|orderid[]|str[]|hmac[11f9eacd9563d1b59ab1752dd9a5241e]
2017-08-22 13:46:06|orderid[]|str[]|hmac[11f9eacd9563d1b59ab1752dd9a5241e]
2017-08-22 13:46:38|orderid[]|str[]|hmac[11f9eacd9563d1b59ab1752dd9a5241e]
2017-08-22 13:48:50|orderid[]|str[]|hmac[11f9eacd9563d1b59ab1752dd9a5241e]
2017-08-22 13:51:54|orderid[]|str[]|hmac[11f9eacd9563d1b59ab1752dd9a5241e]
2017-08-22 13:52:27|orderid[]|str[]|hmac[11f9eacd9563d1b59ab1752dd9a5241e]
2017-08-22 13:54:21|orderid[]|str[]|hmac[11f9eacd9563d1b59ab1752dd9a5241e]
2017-08-22 13:55:20|orderid[]|str[]|hmac[11f9eacd9563d1b59ab1752dd9a5241e]
2017-08-22 13:57:24|orderid[]|str[]|hmac[11f9eacd9563d1b59ab1752dd9a5241e]
2017-08-22 14:00:35|orderid[]|str[]|hmac[11f9eacd9563d1b59ab1752dd9a5241e]
2017-08-22 14:00:42|orderid[]|str[]|hmac[11f9eacd9563d1b59ab1752dd9a5241e]
2017-08-22 14:53:03|orderid[]|str[]|hmac[11f9eacd9563d1b59ab1752dd9a5241e]
2017-08-22 14:53:19|orderid[]|str[]|hmac[11f9eacd9563d1b59ab1752dd9a5241e]
2017-08-22 14:57:20|orderid[]|str[]|hmac[fba83ef6d7ed39bc2ea5c1ec6cbd144a]
2017-08-22 15:01:29|orderid[]|str[]|hmac[fba83ef6d7ed39bc2ea5c1ec6cbd144a]
2017-08-22 15:05:02|orderid[]|str[]|hmac[fba83ef6d7ed39bc2ea5c1ec6cbd144a]
2017-08-22 15:09:40|orderid[]|str[]|hmac[fba83ef6d7ed39bc2ea5c1ec6cbd144a]
2017-08-22 15:09:57|orderid[]|str[]|hmac[fba83ef6d7ed39bc2ea5c1ec6cbd144a]
2017-08-22 15:21:19|orderid[]|str[]|hmac[2be137bc2733a3dc5a584f33b44681f1]
2017-08-22 15:22:24|orderid[]|str[]|hmac[2be137bc2733a3dc5a584f33b44681f1]
2017-08-22 15:23:40|orderid[]|str[]|hmac[2be137bc2733a3dc5a584f33b44681f1]
2017-08-22 15:28:22|orderid[]|str[]|hmac[2be137bc2733a3dc5a584f33b44681f1]
2017-08-22 15:30:10|orderid[]|str[]|hmac[152c66ae4d1dc972ca244111572c3eb8]
2017-08-22 15:30:19|orderid[]|str[]|hmac[152c66ae4d1dc972ca244111572c3eb8]
2017-08-22 15:31:15|orderid[170822153094919]|str[]|hmac[dc6f4c5cf129b14176bd57fcdf6b56e3]
2017-08-22 15:31:48|orderid[170822153094919]|str[]|hmac[dc6f4c5cf129b14176bd57fcdf6b56e3]
2017-08-22 16:58:52|orderid[170822163001652]|str[]|hmac[431C367CBB444C6A0404EEC0A968B576]
2017-08-22 16:59:07|orderid[170822163001652]|str[]|hmac[431C367CBB444C6A0404EEC0A968B576]
2017-08-22 16:59:40|orderid[170822163001652]|str[]|hmac[431C367CBB444C6A0404EEC0A968B576]
2017-08-22 17:14:08|orderid[170822163001652]|str[]|hmac[431C367CBB444C6A0404EEC0A968B576]
2017-08-22 17:25:38|orderid[170822163001652]|str[]|hmac[431C367CBB444C6A0404EEC0A968B576]
2017-08-23 13:19:58|orderid[]|str[]|hmac[FBDA4D043F7A5F447671B52AC7CBA7D3]
2017-08-23 13:20:08|orderid[170823085982105]|str[]|hmac[2CDCE9EB4EBA73CB62FE9BC315955AA9]
2017-08-23 13:44:51|orderid[170823085982105]|str[]|hmac[87AE59F26C8F1D2AD8842C46103493B2]
2017-08-23 13:45:39|orderid[170823134568180]|str[]|hmac[2091529A0B41B6C8119E9062F973F320]
2017-08-23 13:46:13|orderid[170823134568180]|str[]|hmac[2091529A0B41B6C8119E9062F973F320]
2017-08-23 13:46:20|orderid[170823134568180]|str[]|hmac[2091529A0B41B6C8119E9062F973F320]
2017-08-23 13:48:21|orderid[170823134568180]|str[]|hmac[2091529A0B41B6C8119E9062F973F320]
2017-08-23 13:48:29|orderid[170823134568180]|str[]|hmac[2091529A0B41B6C8119E9062F973F320]
2017-08-23 13:48:51|orderid[170823134568180]|str[]|hmac[2091529A0B41B6C8119E9062F973F320]
2017-08-23 13:49:38|orderid[170823134568180]|str[]|hmac[2091529A0B41B6C8119E9062F973F320]
2017-08-23 14:09:21|orderid[170823134568180]|str[]|hmac[2091529A0B41B6C8119E9062F973F320]
2017-08-23 14:14:49|orderid[170823134568180]|str[]|hmac[2091529A0B41B6C8119E9062F973F320]
2017-08-23 14:15:07|orderid[170823134568180]|str[]|hmac[2091529A0B41B6C8119E9062F973F320]
2017-08-23 14:20:43|orderid[170823134568180]|str[]|hmac[09DC4D1E66D8AE4C379498E0DD472563]
2017-08-23 14:21:02|orderid[170823134568180]|str[]|hmac[09DC4D1E66D8AE4C379498E0DD472563]
2017-08-23 14:27:21|orderid[170823134568180]|str[]|hmac[09DC4D1E66D8AE4C379498E0DD472563]
2017-08-23 14:27:38|orderid[170823134568180]|str[]|hmac[09DC4D1E66D8AE4C379498E0DD472563]
2017-08-23 14:30:06|orderid[170823134568180]|str[]|hmac[A509C0EBA8EE973710B3EB0EAECE5246]
2017-08-23 14:30:19|orderid[170823134568180]|str[]|hmac[A509C0EBA8EE973710B3EB0EAECE5246]
2017-08-23 14:32:04|orderid[170823134568180]|str[]|hmac[A509C0EBA8EE973710B3EB0EAECE5246]
2017-08-23 14:32:11|orderid[170823134568180]|str[]|hmac[A509C0EBA8EE973710B3EB0EAECE5246]
2017-08-23 14:33:17|orderid[170823134568180]|str[]|hmac[A509C0EBA8EE973710B3EB0EAECE5246]
2017-08-23 14:38:17|orderid[170823134568180]|str[]|hmac[A509C0EBA8EE973710B3EB0EAECE5246]
2017-08-23 14:38:25|orderid[170823134568180]|str[]|hmac[A509C0EBA8EE973710B3EB0EAECE5246]
2017-08-23 14:39:56|orderid[170823134568180]|str[]|hmac[A509C0EBA8EE973710B3EB0EAECE5246]
2017-08-23 14:40:08|orderid[170823134568180]|str[]|hmac[A509C0EBA8EE973710B3EB0EAECE5246]
2017-08-23 14:42:15|orderid[170823134568180]|str[]|hmac[A509C0EBA8EE973710B3EB0EAECE5246]
2017-08-23 14:47:13|orderid[170823134568180]|str[]|hmac[A509C0EBA8EE973710B3EB0EAECE5246]
2017-08-23 14:47:39|orderid[170823134568180]|str[]|hmac[A509C0EBA8EE973710B3EB0EAECE5246]
2017-08-23 14:51:59|orderid[170823134568180]|str[]|hmac[A509C0EBA8EE973710B3EB0EAECE5246]
2017-08-23 14:52:39|orderid[170823145200446]|str[]|hmac[45A8A6EE6545EBB82E5A6AB74768613D]
2017-08-23 14:57:26|orderid[170823145200446]|str[]|hmac[FE0FD26CA32608D28D9D92275A76AA45]
2017-08-23 15:17:30|orderid[]|str[]|hmac[713D277EE2C7A7AFD082060E1377DA3C]
2017-08-23 15:17:36|orderid[]|str[]|hmac[713D277EE2C7A7AFD082060E1377DA3C]
2017-08-23 15:21:58|orderid[]|str[]|hmac[713D277EE2C7A7AFD082060E1377DA3C]
2017-08-23 15:22:45|orderid[170823152275217]|str[]|hmac[A7AC90FE0F623FB1286D2B18A79F8D63]
2017-08-23 15:22:53|orderid[170823152275217]|str[]|hmac[A7AC90FE0F623FB1286D2B18A79F8D63]